#
# There is insufficient memory for the Java Runtime Environment to continue.
# Native memory allocation (malloc) failed to allocate 32744 bytes for ChunkPool::allocate
# Possible reasons:
#   The system is out of physical RAM or swap space
#   In 32 bit mode, the process size limit was hit
# Possible solutions:
#   Reduce memory load on the system
#   Increase physical memory or swap space
#   Check if swap backing store is full
#   Use 64 bit Java on a 64 bit OS
#   Decrease Java heap size (-Xmx/-Xms)
#   Decrease number of Java threads
#   Decrease Java thread stack sizes (-Xss)
#   Set larger code cache with -XX:ReservedCodeCacheSize=
# This output file may be truncated or incomplete.
#
#  Out of Memory Error (allocation.cpp:273), pid=3356, tid=0x0000000000000b88
#
# JRE version: OpenJDK Runtime Environment (8.0_112-b06) (build 1.8.0_112-release-b06)
# Java VM: OpenJDK 64-Bit Server VM (25.112-b06 mixed mode windows-amd64 compressed oops)
# Failed to write core dump. Minidumps are not enabled by default on client versions of Windows
#

---------------  T H R E A D  ---------------

Current thread (0x000000001661f800):  JavaThread "C2 CompilerThread0" daemon [_thread_in_native, id=2952, stack(0x0000000017c90000,0x0000000017d90000)]

Stack: [0x0000000017c90000,0x0000000017d90000]
[error occurred during error reporting (printing stack bounds), id 0xc0000005]

Native frames: (J=compiled Java code, j=interpreted, Vv=VM code, C=native code)


Current CompileTask:
C2:2366529 8855       4       java.lang.Class::getMethod (64 bytes)


---------------  P R O C E S S  ---------------

Java Threads: ( => current thread )
  0x0000000019ba7800 JavaThread "Stdin handler" [_thread_blocked, id=8304, stack(0x00000000230c0000,0x00000000231c0000)]
  0x0000000019ba9000 JavaThread "Asynchronous log dispatcher for DefaultDaemonConnection: socket connection from /127.0.0.1:49857 to /127.0.0.1:50333" [_thread_blocked, id=5280, stack(0x0000000022fc0000,0x00000000230c0000)]
  0x0000000019bae000 JavaThread "Daemon worker Thread 2" [_thread_in_native, id=5264, stack(0x0000000022ec0000,0x0000000022fc0000)]
  0x0000000019bac000 JavaThread "Cancel handler" [_thread_blocked, id=6448, stack(0x0000000022dc0000,0x0000000022ec0000)]
  0x0000000019ba9800 JavaThread "Handler for socket connection from /127.0.0.1:49857 to /127.0.0.1:50333" [_thread_in_native, id=5248, stack(0x0000000022cc0000,0x0000000022dc0000)]
  0x0000000019bac800 JavaThread "Daemon Thread 2" [_thread_blocked, id=3768, stack(0x0000000022bc0000,0x0000000022cc0000)]
  0x0000000019d0d000 JavaThread "File lock request listener" [_thread_in_native, id=3892, stack(0x000000001c000000,0x000000001c100000)]
  0x000000001960f800 JavaThread "pool-1-thread-1" [_thread_blocked, id=908, stack(0x000000001b900000,0x000000001ba00000)]
  0x0000000019892800 JavaThread "Incoming local TCP Connector on port 49857" [_thread_in_native, id=452, stack(0x0000000019d60000,0x0000000019e60000)]
  0x000000001667d800 JavaThread "Service Thread" daemon [_thread_blocked, id=11104, stack(0x0000000018390000,0x0000000018490000)]
  0x0000000016625800 JavaThread "C1 CompilerThread2" daemon [_thread_blocked, id=3780, stack(0x0000000017e90000,0x0000000017f90000)]
  0x0000000016622000 JavaThread "C2 CompilerThread1" daemon [_thread_in_native, id=6564, stack(0x0000000017d90000,0x0000000017e90000)]
=>0x000000001661f800 JavaThread "C2 CompilerThread0" daemon [_thread_in_native, id=2952, stack(0x0000000017c90000,0x0000000017d90000)]
  0x000000001661d000 JavaThread "Attach Listener" daemon [_thread_blocked, id=4276, stack(0x0000000017b90000,0x0000000017c90000)]
  0x000000001661a000 JavaThread "Signal Dispatcher" daemon [_thread_blocked, id=7600, stack(0x0000000017a90000,0x0000000017b90000)]
  0x0000000002cab000 JavaThread "Finalizer" daemon [_thread_blocked, id=2544, stack(0x0000000017880000,0x0000000017980000)]
  0x0000000002ca0000 JavaThread "Reference Handler" daemon [_thread_blocked, id=4272, stack(0x0000000017780000,0x0000000017880000)]
  0x0000000002bb0800 JavaThread "main" [_thread_blocked, id=5404, stack(0x0000000002a40000,0x0000000002b40000)]

Other Threads:
  0x00000000165e3800 VMThread [stack: 0x0000000017680000,0x0000000017780000] [id=11612]
  0x0000000017fbc000 WatcherThread [stack: 0x0000000018490000,0x0000000018590000] [id=8324]

VM state:not at safepoint (normal execution)

VM Mutex/Monitor currently owned by a thread: None

Heap:
 PSYoungGen      total 150016K, used 68515K [0x00000000e0000000, 0x00000000ed280000, 0x0000000100000000)
  eden space 125952K, 54% used [0x00000000e0000000,0x00000000e4321898,0x00000000e7b00000)
  from space 24064K, 0% used [0x00000000e7b00000,0x00000000e7b00000,0x00000000e9280000)
  to   space 28160K, 0% used [0x00000000eb700000,0x00000000eb700000,0x00000000ed280000)
 ParOldGen       total 138240K, used 23495K [0x00000000a0000000, 0x00000000a8700000, 0x00000000e0000000)
  object space 138240K, 16% used [0x00000000a0000000,0x00000000a16f1f18,0x00000000a8700000)
 Metaspace       used 55085K, capacity 56624K, committed 59096K, reserved 1099776K
  class space    used 7273K, capacity 7585K, committed 8192K, reserved 1048576K

Card table byte_map: [0x0000000012070000,0x0000000012380000] byte_map_base: 0x0000000011b70000

Marking Bits: (ParMarkBitMap*) 0x00000000756518f0
 Begin Bits: [0x0000000012980000, 0x0000000014180000)
 End Bits:   [0x0000000014180000, 0x0000000015980000)

Polling page: 0x0000000001240000

CodeCache: size=245760Kb used=25832Kb max_used=26531Kb free=219927Kb
 bounds [0x0000000002cb0000, 0x00000000046c0000, 0x0000000011cb0000]
 total_blobs=8351 nmethods=7598 adapters=665
 compilation: enabled

Compilation events (10 events):
Event: 2365.402 Thread 0x0000000016625800 nmethod 8869 0x00000000030fea90 code [0x00000000030fed00, 0x00000000030ffd38]
Event: 2365.402 Thread 0x0000000016625800 8870       2       java.io.ObjectStreamClass$WeakClassKey::<init> (15 bytes)
Event: 2365.403 Thread 0x0000000016625800 nmethod 8870 0x00000000043f8050 code [0x00000000043f81c0, 0x00000000043f83a8]
Event: 2365.405 Thread 0x0000000016625800 8871       3       org.gradle.internal.service.DefaultServiceRegistry::add (22 bytes)
Event: 2365.406 Thread 0x0000000016625800 nmethod 8871 0x0000000003a62cd0 code [0x0000000003a62f00, 0x0000000003a63c68]
Event: 2365.406 Thread 0x0000000016625800 8872       3       org.gradle.internal.service.DefaultServiceRegistry$FixedInstanceService::<init> (11 bytes)
Event: 2365.407 Thread 0x0000000016625800 nmethod 8872 0x00000000030fdd50 code [0x00000000030fdf00, 0x00000000030fe768]
Event: 2365.409 Thread 0x0000000016625800 8874       3       groovy.lang.MetaMethod::isPublic (15 bytes)
Event: 2365.409 Thread 0x0000000016625800 nmethod 8874 0x0000000003a627d0 code [0x0000000003a62940, 0x0000000003a62ba8]
Event: 2365.409 Thread 0x0000000016625800 8875       3       groovyjarjarasm.asm.ByteVector::a (52 bytes)

GC Heap History (10 events):
Event: 12.846 GC heap before
{Heap before GC invocations=14 (full 2):
 PSYoungGen      total 89600K, used 89057K [0x00000000e0000000, 0x00000000e7a00000, 0x0000000100000000)
  eden space 78336K, 100% used [0x00000000e0000000,0x00000000e4c80000,0x00000000e4c80000)
  from space 11264K, 95% used [0x00000000e4c80000,0x00000000e56f8758,0x00000000e5780000)
  to   space 12288K, 0% used [0x00000000e6e00000,0x00000000e6e00000,0x00000000e7a00000)
 ParOldGen       total 103936K, used 15647K [0x00000000a0000000, 0x00000000a6580000, 0x00000000e0000000)
  object space 103936K, 15% used [0x00000000a0000000,0x00000000a0f47c70,0x00000000a6580000)
 Metaspace       used 46933K, capacity 48354K, committed 48512K, reserved 1091584K
  class space    used 6364K, capacity 6673K, committed 6784K, reserved 1048576K
Event: 12.882 GC heap after
Heap after GC invocations=14 (full 2):
 PSYoungGen      total 110080K, used 12275K [0x00000000e0000000, 0x00000000e8080000, 0x0000000100000000)
  eden space 97792K, 0% used [0x00000000e0000000,0x00000000e0000000,0x00000000e5f80000)
  from space 12288K, 99% used [0x00000000e6e00000,0x00000000e79fcca8,0x00000000e7a00000)
  to   space 14848K, 0% used [0x00000000e5f80000,0x00000000e5f80000,0x00000000e6e00000)
 ParOldGen       total 103936K, used 18728K [0x00000000a0000000, 0x00000000a6580000, 0x00000000e0000000)
  object space 103936K, 18% used [0x00000000a0000000,0x00000000a124a100,0x00000000a6580000)
 Metaspace       used 46933K, capacity 48354K, committed 48512K, reserved 1091584K
  class space    used 6364K, capacity 6673K, committed 6784K, reserved 1048576K
}
Event: 14.206 GC heap before
{Heap before GC invocations=15 (full 2):
 PSYoungGen      total 110080K, used 110067K [0x00000000e0000000, 0x00000000e8080000, 0x0000000100000000)
  eden space 97792K, 100% used [0x00000000e0000000,0x00000000e5f80000,0x00000000e5f80000)
  from space 12288K, 99% used [0x00000000e6e00000,0x00000000e79fcca8,0x00000000e7a00000)
  to   space 14848K, 0% used [0x00000000e5f80000,0x00000000e5f80000,0x00000000e6e00000)
 ParOldGen       total 103936K, used 18728K [0x00000000a0000000, 0x00000000a6580000, 0x00000000e0000000)
  object space 103936K, 18% used [0x00000000a0000000,0x00000000a124a100,0x00000000a6580000)
 Metaspace       used 49852K, capacity 51472K, committed 51584K, reserved 1093632K
  class space    used 6797K, capacity 7186K, committed 7296K, reserved 1048576K
Event: 14.261 GC heap after
Heap after GC invocations=15 (full 2):
 PSYoungGen      total 112640K, used 14816K [0x00000000e0000000, 0x00000000ea580000, 0x0000000100000000)
  eden space 97792K, 0% used [0x00000000e0000000,0x00000000e0000000,0x00000000e5f80000)
  from space 14848K, 99% used [0x00000000e5f80000,0x00000000e6df8210,0x00000000e6e00000)
  to   space 19456K, 0% used [0x00000000e9280000,0x00000000e9280000,0x00000000ea580000)
 ParOldGen       total 103936K, used 26558K [0x00000000a0000000, 0x00000000a6580000, 0x00000000e0000000)
  object space 103936K, 25% used [0x00000000a0000000,0x00000000a19ef8e0,0x00000000a6580000)
 Metaspace       used 49852K, capacity 51472K, committed 51584K, reserved 1093632K
  class space    used 6797K, capacity 7186K, committed 7296K, reserved 1048576K
}
Event: 23.544 GC heap before
{Heap before GC invocations=16 (full 2):
 PSYoungGen      total 112640K, used 112608K [0x00000000e0000000, 0x00000000ea580000, 0x0000000100000000)
  eden space 97792K, 100% used [0x00000000e0000000,0x00000000e5f80000,0x00000000e5f80000)
  from space 14848K, 99% used [0x00000000e5f80000,0x00000000e6df8210,0x00000000e6e00000)
  to   space 19456K, 0% used [0x00000000e9280000,0x00000000e9280000,0x00000000ea580000)
 ParOldGen       total 103936K, used 26558K [0x00000000a0000000, 0x00000000a6580000, 0x00000000e0000000)
  object space 103936K, 25% used [0x00000000a0000000,0x00000000a19ef8e0,0x00000000a6580000)
 Metaspace       used 53784K, capacity 56050K, committed 56192K, reserved 1097728K
  class space    used 7300K, capacity 7764K, committed 7808K, reserved 1048576K
Event: 23.623 GC heap after
Heap after GC invocations=16 (full 2):
 PSYoungGen      total 145408K, used 19440K [0x00000000e0000000, 0x00000000eac00000, 0x0000000100000000)
  eden space 125952K, 0% used [0x00000000e0000000,0x00000000e0000000,0x00000000e7b00000)
  from space 19456K, 99% used [0x00000000e9280000,0x00000000ea57c240,0x00000000ea580000)
  to   space 24064K, 0% used [0x00000000e7b00000,0x00000000e7b00000,0x00000000e9280000)
 ParOldGen       total 103936K, used 32047K [0x00000000a0000000, 0x00000000a6580000, 0x00000000e0000000)
  object space 103936K, 30% used [0x00000000a0000000,0x00000000a1f4be20,0x00000000a6580000)
 Metaspace       used 53784K, capacity 56050K, committed 56192K, reserved 1097728K
  class space    used 7300K, capacity 7764K, committed 7808K, reserved 1048576K
}
Event: 2364.214 GC heap before
{Heap before GC invocations=17 (full 2):
 PSYoungGen      total 145408K, used 114189K [0x00000000e0000000, 0x00000000eac00000, 0x0000000100000000)
  eden space 125952K, 75% used [0x00000000e0000000,0x00000000e5c872b8,0x00000000e7b00000)
  from space 19456K, 99% used [0x00000000e9280000,0x00000000ea57c240,0x00000000ea580000)
  to   space 24064K, 0% used [0x00000000e7b00000,0x00000000e7b00000,0x00000000e9280000)
 ParOldGen       total 103936K, used 32047K [0x00000000a0000000, 0x00000000a6580000, 0x00000000e0000000)
  object space 103936K, 30% used [0x00000000a0000000,0x00000000a1f4be20,0x00000000a6580000)
 Metaspace       used 56554K, capacity 58996K, committed 59096K, reserved 1099776K
  class space    used 7602K, capacity 8094K, committed 8192K, reserved 1048576K
Event: 2364.253 GC heap after
Heap after GC invocations=17 (full 2):
 PSYoungGen      total 150016K, used 24032K [0x00000000e0000000, 0x00000000ed280000, 0x0000000100000000)
  eden space 125952K, 0% used [0x00000000e0000000,0x00000000e0000000,0x00000000e7b00000)
  from space 24064K, 99% used [0x00000000e7b00000,0x00000000e9278230,0x00000000e9280000)
  to   space 28160K, 0% used [0x00000000eb700000,0x00000000eb700000,0x00000000ed280000)
 ParOldGen       total 103936K, used 32967K [0x00000000a0000000, 0x00000000a6580000, 0x00000000e0000000)
  object space 103936K, 31% used [0x00000000a0000000,0x00000000a2031e28,0x00000000a6580000)
 Metaspace       used 56554K, capacity 58996K, committed 59096K, reserved 1099776K
  class space    used 7602K, capacity 8094K, committed 8192K, reserved 1048576K
}
Event: 2364.253 GC heap before
{Heap before GC invocations=18 (full 3):
 PSYoungGen      total 150016K, used 24032K [0x00000000e0000000, 0x00000000ed280000, 0x0000000100000000)
  eden space 125952K, 0% used [0x00000000e0000000,0x00000000e0000000,0x00000000e7b00000)
  from space 24064K, 99% used [0x00000000e7b00000,0x00000000e9278230,0x00000000e9280000)
  to   space 28160K, 0% used [0x00000000eb700000,0x00000000eb700000,0x00000000ed280000)
 ParOldGen       total 103936K, used 32967K [0x00000000a0000000, 0x00000000a6580000, 0x00000000e0000000)
  object space 103936K, 31% used [0x00000000a0000000,0x00000000a2031e28,0x00000000a6580000)
 Metaspace       used 56554K, capacity 58996K, committed 59096K, reserved 1099776K
  class space    used 7602K, capacity 8094K, committed 8192K, reserved 1048576K
Event: 2364.456 GC heap after
Heap after GC invocations=18 (full 3):
 PSYoungGen      total 150016K, used 0K [0x00000000e0000000, 0x00000000ed280000, 0x0000000100000000)
  eden space 125952K, 0% used [0x00000000e0000000,0x00000000e0000000,0x00000000e7b00000)
  from space 24064K, 0% used [0x00000000e7b00000,0x00000000e7b00000,0x00000000e9280000)
  to   space 28160K, 0% used [0x00000000eb700000,0x00000000eb700000,0x00000000ed280000)
 ParOldGen       total 138240K, used 23495K [0x00000000a0000000, 0x00000000a8700000, 0x00000000e0000000)
  object space 138240K, 16% used [0x00000000a0000000,0x00000000a16f1f18,0x00000000a8700000)
 Metaspace       used 54952K, capacity 56438K, committed 59096K, reserved 1099776K
  class space    used 7253K, capacity 7533K, committed 8192K, reserved 1048576K
}

Deoptimization events (10 events):
Event: 2364.465 Thread 0x0000000019bae000 Uncommon trap: reason=unstable_if action=reinterpret pc=0x0000000003a418c8 method=java.lang.ref.SoftReference.get()Ljava/lang/Object; @ 6
Event: 2364.465 Thread 0x0000000019bae000 Uncommon trap: reason=unstable_if action=reinterpret pc=0x0000000003f70c38 method=java.lang.ref.SoftReference.get()Ljava/lang/Object; @ 6
Event: 2364.511 Thread 0x0000000019bae000 Uncommon trap: reason=unstable_if action=reinterpret pc=0x000000000452dec0 method=java.io.ObjectStreamClass.processQueue(Ljava/lang/ref/ReferenceQueue;Ljava/util/concurrent/ConcurrentMap;)V @ 6
Event: 2364.513 Thread 0x0000000019bae000 Uncommon trap: reason=unstable_if action=reinterpret pc=0x000000000465eb34 method=java.util.concurrent.ConcurrentHashMap.replaceNode(Ljava/lang/Object;Ljava/lang/Object;Ljava/lang/Object;)Ljava/lang/Object; @ 136
Event: 2364.617 Thread 0x0000000019bae000 Uncommon trap: reason=unstable_if action=reinterpret pc=0x0000000004646818 method=com.google.common.collect.MapMakerInternalMap$Segment.getEntry(Ljava/lang/Object;I)Lcom/google/common/collect/MapMakerInternalMap$ReferenceEntry; @ 40
Event: 2364.617 Thread 0x0000000019bae000 Uncommon trap: reason=unstable_if action=reinterpret pc=0x0000000003cb2544 method=java.lang.ref.SoftReference.get()Ljava/lang/Object; @ 6
Event: 2364.621 Thread 0x0000000019bae000 Uncommon trap: reason=unstable_if action=reinterpret pc=0x0000000004614894 method=com.google.common.collect.MapMakerInternalMap$Segment.getEntry(Ljava/lang/Object;I)Lcom/google/common/collect/MapMakerInternalMap$ReferenceEntry; @ 40
Event: 2364.696 Thread 0x0000000019bae000 Uncommon trap: reason=unstable_if action=reinterpret pc=0x0000000004497f40 method=java.lang.ref.SoftReference.get()Ljava/lang/Object; @ 6
Event: 2364.746 Thread 0x0000000019bae000 Uncommon trap: reason=unstable_if action=reinterpret pc=0x0000000003a67ec4 method=java.lang.ref.SoftReference.get()Ljava/lang/Object; @ 6
Event: 2365.225 Thread 0x0000000019bae000 Uncommon trap: reason=unstable_if action=reinterpret pc=0x00000000045de5e0 method=com.esotericsoftware.kryo.io.Output.require(I)Z @ 10

Internal exceptions (10 events):
Event: 2364.482 Thread 0x0000000019bae000 Exception <a 'java/lang/ClassNotFoundException': asLocalRepo282_6yxudlocxd74q5tohbw7ucao5Customizer> (0x00000000e02b8180) thrown at [C:\src\android\AOSP-openjdk\external\jetbrains\jdk\hotspot\src\share\vm\classfile\systemDictionary.cpp, line 210]
Event: 2364.515 Thread 0x0000000019bae000 Exception <a 'java/lang/NoSuchMethodError': <clinit>> (0x00000000e0552a50) thrown at [C:\src\android\AOSP-openjdk\external\jetbrains\jdk\hotspot\src\share\vm\prims\jni.cpp, line 1613]
Event: 2364.515 Thread 0x0000000019bae000 Exception <a 'java/lang/NoSuchMethodError': <clinit>> (0x00000000e0556b10) thrown at [C:\src\android\AOSP-openjdk\external\jetbrains\jdk\hotspot\src\share\vm\prims\jni.cpp, line 1613]
Event: 2364.520 Thread 0x0000000019bae000 Exception <a 'java/lang/NoSuchMethodError': <clinit>> (0x00000000e0562db0) thrown at [C:\src\android\AOSP-openjdk\external\jetbrains\jdk\hotspot\src\share\vm\prims\jni.cpp, line 1613]
Event: 2364.522 Thread 0x0000000019bae000 Exception <a 'java/lang/NoSuchMethodError': <clinit>> (0x00000000e0575ac0) thrown at [C:\src\android\AOSP-openjdk\external\jetbrains\jdk\hotspot\src\share\vm\prims\jni.cpp, line 1613]
Event: 2364.526 Thread 0x0000000019bae000 Exception <a 'java/lang/NoSuchMethodError': <clinit>> (0x00000000e0591438) thrown at [C:\src\android\AOSP-openjdk\external\jetbrains\jdk\hotspot\src\share\vm\prims\jni.cpp, line 1613]
Event: 2364.526 Thread 0x0000000019bae000 Exception <a 'java/lang/NoSuchMethodError': <clinit>> (0x00000000e0592520) thrown at [C:\src\android\AOSP-openjdk\external\jetbrains\jdk\hotspot\src\share\vm\prims\jni.cpp, line 1613]
Event: 2364.531 Thread 0x0000000019bae000 Exception <a 'java/lang/NoSuchMethodError': <clinit>> (0x00000000e0593eb0) thrown at [C:\src\android\AOSP-openjdk\external\jetbrains\jdk\hotspot\src\share\vm\prims\jni.cpp, line 1613]
Event: 2364.563 Thread 0x0000000019bae000 Exception <a 'java/lang/NoSuchMethodError': <clinit>> (0x00000000e05a0890) thrown at [C:\src\android\AOSP-openjdk\external\jetbrains\jdk\hotspot\src\share\vm\prims\jni.cpp, line 1613]
Event: 2364.746 Thread 0x0000000019bae000 Implicit null exception at 0x0000000003a678fc to 0x0000000003a67e9d

Events (10 events):
Event: 2365.398 loading class groovy/runtime/metaclass/groovy/lang/GroovyObjectMetaClass
Event: 2365.398 loading class groovy/runtime/metaclass/groovy/lang/GroovyObjectMetaClass done
Event: 2365.399 loading class groovy/runtime/metaclass/org/gradle/api/ScriptMetaClass
Event: 2365.399 loading class groovy/runtime/metaclass/org/gradle/api/ScriptMetaClass done
Event: 2365.399 loading class groovy/runtime/metaclass/org/gradle/api/internal/file/FileOperationsMetaClass
Event: 2365.399 loading class groovy/runtime/metaclass/org/gradle/api/internal/file/FileOperationsMetaClass done
Event: 2365.400 loading class groovy/runtime/metaclass/org/gradle/api/internal/ProcessOperationsMetaClass
Event: 2365.400 loading class groovy/runtime/metaclass/org/gradle/api/internal/ProcessOperationsMetaClass done
Event: 2365.407 loading class groovy/runtime/metaclass/build_39jxoac6kxrixz0bdmtgdvmq5MetaClass
Event: 2365.407 loading class groovy/runtime/metaclass/build_39jxoac6kxrixz0bdmtgdvmq5MetaClass done


Dynamic libraries:
0x00007ff785c00000 - 0x00007ff785c31000 	C:\Program Files\Android\Android Studio\jre\bin\java.exe
0x00007ffe0e6c0000 - 0x00007ffe0e89b000 	C:\Windows\SYSTEM32\ntdll.dll
0x00007ffe0c1b0000 - 0x00007ffe0c25e000 	C:\Windows\System32\KERNEL32.DLL
0x00007ffe0add0000 - 0x00007ffe0b019000 	C:\Windows\System32\KERNELBASE.dll
0x00007ffe0c090000 - 0x00007ffe0c131000 	C:\Windows\System32\ADVAPI32.dll
0x00007ffe0dda0000 - 0x00007ffe0de3d000 	C:\Windows\System32\msvcrt.dll
0x00007ffe0e050000 - 0x00007ffe0e0a9000 	C:\Windows\System32\sechost.dll
0x00007ffe0e590000 - 0x00007ffe0e6b5000 	C:\Windows\System32\RPCRT4.dll
0x00007ffe0bc20000 - 0x00007ffe0bd6a000 	C:\Windows\System32\USER32.dll
0x00007ffe0abe0000 - 0x00007ffe0abfe000 	C:\Windows\System32\win32u.dll
0x00007ffe0dfc0000 - 0x00007ffe0dfe7000 	C:\Windows\System32\GDI32.dll
0x00007ffe0ba90000 - 0x00007ffe0bc17000 	C:\Windows\System32\gdi32full.dll
0x00007ffe0b1f0000 - 0x00007ffe0b28a000 	C:\Windows\System32\msvcp_win.dll
0x00007ffe0b290000 - 0x00007ffe0b386000 	C:\Windows\System32\ucrtbase.dll
0x00007ffdfd320000 - 0x00007ffdfd587000 	C:\Windows\WinSxS\amd64_microsoft.windows.common-controls_6595b64144ccf1df_6.0.15063.483_none_26002d27e7c744a2\COMCTL32.dll
0x00007ffe0c2e0000 - 0x00007ffe0c5d9000 	C:\Windows\System32\combase.dll
0x00007ffe0b070000 - 0x00007ffe0b0da000 	C:\Windows\System32\bcryptPrimitives.dll
0x00007ffe0df80000 - 0x00007ffe0dfad000 	C:\Windows\System32\IMM32.DLL
0x0000000074cd0000 - 0x0000000074da2000 	C:\Program Files\Android\Android Studio\jre\jre\bin\msvcr100.dll
0x0000000074e90000 - 0x00000000756cc000 	C:\Program Files\Android\Android Studio\jre\jre\bin\server\jvm.dll
0x00007ffe0dec0000 - 0x00007ffe0dec8000 	C:\Windows\System32\PSAPI.DLL
0x00007ffe04490000 - 0x00007ffe0449a000 	C:\Windows\SYSTEM32\VERSION.dll
0x00007ffdf0dd0000 - 0x00007ffdf0dd9000 	C:\Windows\SYSTEM32\WSOCK32.dll
0x00007ffe0dbc0000 - 0x00007ffe0dc2c000 	C:\Windows\System32\WS2_32.dll
0x00007ffe07e70000 - 0x00007ffe07e93000 	C:\Windows\SYSTEM32\WINMM.dll
0x00007ffe07e10000 - 0x00007ffe07e3b000 	C:\Windows\SYSTEM32\winmmbase.dll
0x00007ffe0b020000 - 0x00007ffe0b069000 	C:\Windows\System32\cfgmgr32.dll
0x00007ffdfce20000 - 0x00007ffdfce2f000 	C:\Program Files\Android\Android Studio\jre\jre\bin\verify.dll
0x00007ffdd7d40000 - 0x00007ffdd7d69000 	C:\Program Files\Android\Android Studio\jre\jre\bin\java.dll
0x00007ffddb940000 - 0x00007ffddb956000 	C:\Program Files\Android\Android Studio\jre\jre\bin\zip.dll
0x00007ffe0c5e0000 - 0x00007ffe0da17000 	C:\Windows\System32\SHELL32.dll
0x00007ffe0ded0000 - 0x00007ffe0df7a000 	C:\Windows\System32\shcore.dll
0x00007ffe0b390000 - 0x00007ffe0ba81000 	C:\Windows\System32\windows.storage.dll
0x00007ffe0dff0000 - 0x00007ffe0e041000 	C:\Windows\System32\shlwapi.dll
0x00007ffe0aba0000 - 0x00007ffe0abb1000 	C:\Windows\System32\kernel.appcore.dll
0x00007ffe0ab50000 - 0x00007ffe0ab9c000 	C:\Windows\System32\powrprof.dll
0x00007ffe0ab30000 - 0x00007ffe0ab45000 	C:\Windows\System32\profapi.dll
0x00007ffdd7030000 - 0x00007ffdd704a000 	C:\Program Files\Android\Android Studio\jre\jre\bin\net.dll
0x00007ffe0a440000 - 0x00007ffe0a49c000 	C:\Windows\system32\mswsock.dll
0x00007ffdd7010000 - 0x00007ffdd7021000 	C:\Program Files\Android\Android Studio\jre\jre\bin\nio.dll
0x00007ffdd86a0000 - 0x00007ffdd86be000 	C:\Users\march\.gradle\native\23\windows-amd64\native-platform.dll
0x00007ffe0a5e0000 - 0x00007ffe0a5f7000 	C:\Windows\SYSTEM32\CRYPTSP.dll
0x00007ffe0a060000 - 0x00007ffe0a094000 	C:\Windows\system32\rsaenh.dll
0x00007ffe0aa00000 - 0x00007ffe0aa25000 	C:\Windows\SYSTEM32\bcrypt.dll
0x00007ffe0aa60000 - 0x00007ffe0aa89000 	C:\Windows\SYSTEM32\USERENV.dll
0x00007ffe0a600000 - 0x00007ffe0a60b000 	C:\Windows\SYSTEM32\CRYPTBASE.dll
0x00007ffe0a1e0000 - 0x00007ffe0a217000 	C:\Windows\SYSTEM32\IPHLPAPI.DLL
0x00007ffe0dfb0000 - 0x00007ffe0dfb8000 	C:\Windows\System32\NSI.dll
0x00007ffe00010000 - 0x00007ffe00026000 	C:\Windows\SYSTEM32\dhcpcsvc6.DLL
0x00007ffdffff0000 - 0x00007ffe0000a000 	C:\Windows\SYSTEM32\dhcpcsvc.DLL
0x00007ffdd6f00000 - 0x00007ffdd6f0d000 	C:\Program Files\Android\Android Studio\jre\jre\bin\management.dll

VM Arguments:
jvm_args: -Xmx1536m -Dfile.encoding=windows-1252 -Duser.country=CL -Duser.language=es -Duser.variant 
java_command: org.gradle.launcher.daemon.bootstrap.GradleDaemon 3.3
java_class_path (initial): C:\Users\march\.gradle\wrapper\dists\gradle-3.3-all\55gk2rcmfc6p2dg9u9ohc3hw9\gradle-3.3\lib\gradle-launcher-3.3.jar
Launcher Type: SUN_STANDARD

Environment Variables:
PATH=C:\app\client\march\product\12.2.0\client_1;C:\app\client\march\product\12.2.0\client_1\bin;C:\oraclexe\app\oracle\product\11.2.0\server\bin;C:\ProgramData\Oracle\Java\javapath;C:\Windows\system32;C:\Windows;C:\Windows\System32\Wbem;C:\Windows\System32\WindowsPowerShell\v1.0\;C:\Program Files\Microsoft DNX\Dnvm\;C:\Program Files\Microsoft SQL Server\130\Tools\Binn\;C:\Users\march\AppData\Local\Microsoft\WindowsApps;
USERNAME=march
OS=Windows_NT
PROCESSOR_IDENTIFIER=Intel64 Family 6 Model 58 Stepping 9, GenuineIntel



---------------  S Y S T E M  ---------------

OS: Windows 10.0 , 64 bit Build 15063 (10.0.15063.296)

CPU:total 4 (2 cores per cpu, 2 threads per core) family 6 model 58 stepping 9, cmov, cx8, fxsr, mmx, sse, sse2, sse3, ssse3, sse4.1, sse4.2, popcnt, avx, aes, clmul, erms, ht, tsc, tscinvbit, tscinv

Memory: 4k page, physical 8281776k(1340484k free), swap 8281776k(5264k free)

vm_info: OpenJDK 64-Bit Server VM (25.112-b06) for windows-amd64 JRE (1.8.0_112-release-b06), built on Dec  8 2016 00:54:26 by "builder" with MS VC++ 10.0 (VS2010)

time: Sat Nov 25 23:18:06 2017
elapsed time: 2365 seconds (0d 0h 39m 25s)

